The_Project/app/build/intermediates/manifest_merge_blame_file/debug/manifest-merger-blame-debug-report.txt
1<?xml version="1.0" encoding="utf-8"?>
2<manifest xmlns:android="http://schemas.android.com/apk/res/android"
3    package="com.example.the_project"
4    android:versionCode="1"
5    android:versionName="1.0" >
6
7    <uses-sdk
8        android:minSdkVersion="21"
8-->src\main\AndroidManifest.xml
9        android:targetSdkVersion="30" />
9-->src\main\AndroidManifest.xml
10
11    <uses-permission android:name="android.permission.INTERNET" />
11-->[com.google.firebase:firebase-auth:21.0.1] AndroidManifest.xml:23:5-67
11-->[com.google.firebase:firebase-auth:21.0.1] AndroidManifest.xml:23:22-64
12    <uses-permission android:name="android.permission.ACCESS_NETWORK_STATE" />
12-->[com.google.firebase:firebase-auth:21.0.1] AndroidManifest.xml:24:5-79
12-->[com.google.firebase:firebase-auth:21.0.1] AndroidManifest.xml:24:22-76
13
14    <application
14-->src\main\AndroidManifest.xml:5:5-37:19
15        android:allowBackup="true"
15-->src\main\AndroidManifest.xml:6:9-35
16        android:appComponentFactory="androidx.core.app.CoreComponentFactory"
16-->[androidx.core:core:1.5.0] AndroidManifest.xml:24:18-86
17        android:debuggable="true"
18        android:icon="@mipmap/ic_launcher"
18-->src\main\AndroidManifest.xml:7:9-43
19        android:label="@string/app_name"
19-->src\main\AndroidManifest.xml:8:9-41
20        android:roundIcon="@mipmap/ic_launcher_round"
20-->src\main\AndroidManifest.xml:9:9-54
21        android:supportsRtl="true"
21-->src\main\AndroidManifest.xml:10:9-35
22        android:testOnly="true"
23        android:theme="@style/Theme.The_Project" >
23-->src\main\AndroidManifest.xml:11:9-49
24        <activity android:name="com.example.the_project.NotesUploadActivity" />
24-->src\main\AndroidManifest.xml:12:9-66
24-->src\main\AndroidManifest.xml:12:19-54
25        <activity android:name="com.example.the_project.PerformanceTeacherActivity" />
25-->src\main\AndroidManifest.xml:13:9-64
25-->src\main\AndroidManifest.xml:13:19-61
26        <activity android:name="com.example.the_project.QuizTeacherActivity" />
26-->src\main\AndroidManifest.xml:14:9-57
26-->src\main\AndroidManifest.xml:14:19-54
27        <activity android:name="com.example.the_project.AssignmentTeacherActivity" />
27-->src\main\AndroidManifest.xml:15:9-63
27-->src\main\AndroidManifest.xml:15:19-60
28        <activity android:name="com.example.the_project.NoticeTeacherActivity" />
28-->src\main\AndroidManifest.xml:16:9-59
28-->src\main\AndroidManifest.xml:16:19-56
29        <activity android:name="com.example.the_project.NotesTeacherActivity" />
29-->src\main\AndroidManifest.xml:17:9-58
29-->src\main\AndroidManifest.xml:17:19-55
30        <activity android:name="com.example.the_project.ChattingTeacherActivity" />
30-->src\main\AndroidManifest.xml:18:9-61
30-->src\main\AndroidManifest.xml:18:19-58
31        <activity android:name="com.example.the_project.HomeTeacherActivity" />
31-->src\main\AndroidManifest.xml:19:9-57
31-->src\main\AndroidManifest.xml:19:19-54
32        <activity android:name="com.example.the_project.NoticeActivity" />
32-->src\main\AndroidManifest.xml:20:9-52
32-->src\main\AndroidManifest.xml:20:19-49
33        <activity android:name="com.example.the_project.PerformanceActivity" />
33-->src\main\AndroidManifest.xml:21:9-57
33-->src\main\AndroidManifest.xml:21:19-54
34        <activity android:name="com.example.the_project.AssignmentActivity" />
34-->src\main\AndroidManifest.xml:22:9-56
34-->src\main\AndroidManifest.xml:22:19-53
35        <activity android:name="com.example.the_project.QuizActivity" />
35-->src\main\AndroidManifest.xml:23:9-50
35-->src\main\AndroidManifest.xml:23:19-47
36        <activity android:name="com.example.the_project.NotesActivity" />
36-->src\main\AndroidManifest.xml:24:9-51
36-->src\main\AndroidManifest.xml:24:19-48
37        <activity android:name="com.example.the_project.ChattingActivity" />
37-->src\main\AndroidManifest.xml:25:9-54
37-->src\main\AndroidManifest.xml:25:19-51
38        <activity android:name="com.example.the_project.SettingActivity" />
38-->src\main\AndroidManifest.xml:26:9-53
38-->src\main\AndroidManifest.xml:26:19-50
39        <activity android:name="com.example.the_project.HomeActivity" />
39-->src\main\AndroidManifest.xml:27:9-50
39-->src\main\AndroidManifest.xml:27:19-47
40        <activity android:name="com.example.the_project.RegisterActivity" />
40-->src\main\AndroidManifest.xml:28:9-54
40-->src\main\AndroidManifest.xml:28:19-51
41        <activity android:name="com.example.the_project.LoginActivity" />
41-->src\main\AndroidManifest.xml:29:9-51
41-->src\main\AndroidManifest.xml:29:19-48
42        <activity android:name="com.example.the_project.MainActivity" >
42-->src\main\AndroidManifest.xml:30:9-36:20
42-->src\main\AndroidManifest.xml:30:19-47
43            <intent-filter>
43-->src\main\AndroidManifest.xml:31:13-35:29
44                <action android:name="android.intent.action.MAIN" />
44-->src\main\AndroidManifest.xml:32:17-69
44-->src\main\AndroidManifest.xml:32:25-66
45
46                <category android:name="android.intent.category.LAUNCHER" />
46-->src\main\AndroidManifest.xml:34:17-77
46-->src\main\AndroidManifest.xml:34:27-74
47            </intent-filter>
48        </activity>
49        <activity
49-->[com.google.firebase:firebase-auth:21.0.1] AndroidManifest.xml:27:9-44:20
50            android:name="com.google.firebase.auth.internal.GenericIdpActivity"
50-->[com.google.firebase:firebase-auth:21.0.1] AndroidManifest.xml:28:13-80
51            android:excludeFromRecents="true"
51-->[com.google.firebase:firebase-auth:21.0.1] AndroidManifest.xml:29:13-46
52            android:exported="true"
52-->[com.google.firebase:firebase-auth:21.0.1] AndroidManifest.xml:30:13-36
53            android:launchMode="singleTask"
53-->[com.google.firebase:firebase-auth:21.0.1] AndroidManifest.xml:31:13-44
54            android:theme="@android:style/Theme.Translucent.NoTitleBar" >
54-->[com.google.firebase:firebase-auth:21.0.1] AndroidManifest.xml:32:13-72
55            <intent-filter>
55-->[com.google.firebase:firebase-auth:21.0.1] AndroidManifest.xml:33:13-43:29
56                <action android:name="android.intent.action.VIEW" />
56-->[com.google.firebase:firebase-auth:21.0.1] AndroidManifest.xml:34:17-69
56-->[com.google.firebase:firebase-auth:21.0.1] AndroidManifest.xml:34:25-66
57
58                <category android:name="android.intent.category.DEFAULT" />
58-->[com.google.firebase:firebase-auth:21.0.1] AndroidManifest.xml:36:17-76
58-->[com.google.firebase:firebase-auth:21.0.1] AndroidManifest.xml:36:27-73
59                <category android:name="android.intent.category.BROWSABLE" />
59-->[com.google.firebase:firebase-auth:21.0.1] AndroidManifest.xml:37:17-78
59-->[com.google.firebase:firebase-auth:21.0.1] AndroidManifest.xml:37:27-75
60
61                <data
61-->[com.google.firebase:firebase-auth:21.0.1] AndroidManifest.xml:39:17-42:51
62                    android:host="firebase.auth"
62-->[com.google.firebase:firebase-auth:21.0.1] AndroidManifest.xml:40:21-49
63                    android:path="/"
63-->[com.google.firebase:firebase-auth:21.0.1] AndroidManifest.xml:41:21-37
64                    android:scheme="genericidp" />
64-->[com.google.firebase:firebase-auth:21.0.1] AndroidManifest.xml:42:21-48
65            </intent-filter>
66        </activity>
67        <activity
67-->[com.google.firebase:firebase-auth:21.0.1] AndroidManifest.xml:45:9-62:20
68            android:name="com.google.firebase.auth.internal.RecaptchaActivity"
68-->[com.google.firebase:firebase-auth:21.0.1] AndroidManifest.xml:46:13-79
69            android:excludeFromRecents="true"
69-->[com.google.firebase:firebase-auth:21.0.1] AndroidManifest.xml:47:13-46
70            android:exported="true"
70-->[com.google.firebase:firebase-auth:21.0.1] AndroidManifest.xml:48:13-36
71            android:launchMode="singleTask"
71-->[com.google.firebase:firebase-auth:21.0.1] AndroidManifest.xml:49:13-44
72            android:theme="@android:style/Theme.Translucent.NoTitleBar" >
72-->[com.google.firebase:firebase-auth:21.0.1] AndroidManifest.xml:50:13-72
73            <intent-filter>
73-->[com.google.firebase:firebase-auth:21.0.1] AndroidManifest.xml:51:13-61:29
74                <action android:name="android.intent.action.VIEW" />
74-->[com.google.firebase:firebase-auth:21.0.1] AndroidManifest.xml:34:17-69
74-->[com.google.firebase:firebase-auth:21.0.1] AndroidManifest.xml:34:25-66
75
76                <category android:name="android.intent.category.DEFAULT" />
76-->[com.google.firebase:firebase-auth:21.0.1] AndroidManifest.xml:36:17-76
76-->[com.google.firebase:firebase-auth:21.0.1] AndroidManifest.xml:36:27-73
77                <category android:name="android.intent.category.BROWSABLE" />
77-->[com.google.firebase:firebase-auth:21.0.1] AndroidManifest.xml:37:17-78
77-->[com.google.firebase:firebase-auth:21.0.1] AndroidManifest.xml:37:27-75
78
79                <data
79-->[com.google.firebase:firebase-auth:21.0.1] AndroidManifest.xml:39:17-42:51
80                    android:host="firebase.auth"
80-->[com.google.firebase:firebase-auth:21.0.1] AndroidManifest.xml:40:21-49
81                    android:path="/"
81-->[com.google.firebase:firebase-auth:21.0.1] AndroidManifest.xml:41:21-37
82                    android:scheme="recaptcha" />
82-->[com.google.firebase:firebase-auth:21.0.1] AndroidManifest.xml:42:21-48
83            </intent-filter>
84        </activity>
85
86        <service
86-->[com.google.firebase:firebase-auth:21.0.1] AndroidManifest.xml:64:9-73:19
87            android:name="com.google.firebase.auth.api.fallback.service.FirebaseAuthFallbackService"
87-->[com.google.firebase:firebase-auth:21.0.1] AndroidManifest.xml:65:13-101
88            android:enabled="true"
88-->[com.google.firebase:firebase-auth:21.0.1] AndroidManifest.xml:66:13-35
89            android:exported="false" >
89-->[com.google.firebase:firebase-auth:21.0.1] AndroidManifest.xml:67:13-37
90            <intent-filter>
90-->[com.google.firebase:firebase-auth:21.0.1] AndroidManifest.xml:68:13-72:29
91                <action android:name="com.google.firebase.auth.api.gms.service.START" />
91-->[com.google.firebase:firebase-auth:21.0.1] AndroidManifest.xml:69:17-89
91-->[com.google.firebase:firebase-auth:21.0.1] AndroidManifest.xml:69:25-86
92
93                <category android:name="android.intent.category.DEFAULT" />
93-->[com.google.firebase:firebase-auth:21.0.1] AndroidManifest.xml:36:17-76
93-->[com.google.firebase:firebase-auth:21.0.1] AndroidManifest.xml:36:27-73
94            </intent-filter>
95        </service>
96        <service
96-->[com.google.firebase:firebase-auth:21.0.1] AndroidManifest.xml:74:9-80:19
97            android:name="com.google.firebase.components.ComponentDiscoveryService"
97-->[com.google.firebase:firebase-auth:21.0.1] AndroidManifest.xml:75:13-84
98            android:directBootAware="true"
98-->[com.google.firebase:firebase-common:20.0.0] AndroidManifest.xml:35:13-43
99            android:exported="false" >
99-->[com.google.firebase:firebase-auth:21.0.1] AndroidManifest.xml:76:13-37
100            <meta-data
100-->[com.google.firebase:firebase-auth:21.0.1] AndroidManifest.xml:77:13-79:85
101                android:name="com.google.firebase.components:com.google.firebase.auth.FirebaseAuthRegistrar"
101-->[com.google.firebase:firebase-auth:21.0.1] AndroidManifest.xml:78:17-109
102                android:value="com.google.firebase.components.ComponentRegistrar" />
102-->[com.google.firebase:firebase-auth:21.0.1] AndroidManifest.xml:79:17-82
103            <meta-data
103-->[com.google.firebase:firebase-database:20.0.0] AndroidManifest.xml:32:13-34:85
104                android:name="com.google.firebase.components:com.google.firebase.database.DatabaseRegistrar"
104-->[com.google.firebase:firebase-database:20.0.0] AndroidManifest.xml:33:17-109
105                android:value="com.google.firebase.components.ComponentRegistrar" />
105-->[com.google.firebase:firebase-database:20.0.0] AndroidManifest.xml:34:17-82
106            <meta-data
106-->[com.google.firebase:firebase-storage:20.0.0] AndroidManifest.xml:33:13-35:85
107                android:name="com.google.firebase.components:com.google.firebase.storage.StorageRegistrar"
107-->[com.google.firebase:firebase-storage:20.0.0] AndroidManifest.xml:34:17-107
108                android:value="com.google.firebase.components.ComponentRegistrar" />
108-->[com.google.firebase:firebase-storage:20.0.0] AndroidManifest.xml:35:17-82
109        </service>
110
111        <provider
111-->[com.google.firebase:firebase-common:20.0.0] AndroidManifest.xml:26:9-31:39
112            android:name="com.google.firebase.provider.FirebaseInitProvider"
112-->[com.google.firebase:firebase-common:20.0.0] AndroidManifest.xml:27:13-77
113            android:authorities="com.example.the_project.firebaseinitprovider"
113-->[com.google.firebase:firebase-common:20.0.0] AndroidManifest.xml:28:13-72
114            android:directBootAware="true"
114-->[com.google.firebase:firebase-common:20.0.0] AndroidManifest.xml:29:13-43
115            android:exported="false"
115-->[com.google.firebase:firebase-common:20.0.0] AndroidManifest.xml:30:13-37
116            android:initOrder="100" />
116-->[com.google.firebase:firebase-common:20.0.0] AndroidManifest.xml:31:13-36
117
118        <activity
118-->[com.google.android.gms:play-services-base:17.1.0] AndroidManifest.xml:23:9-26:75
119            android:name="com.google.android.gms.common.api.GoogleApiActivity"
119-->[com.google.android.gms:play-services-base:17.1.0] AndroidManifest.xml:24:13-79
120            android:exported="false"
120-->[com.google.android.gms:play-services-base:17.1.0] AndroidManifest.xml:25:13-37
121            android:theme="@android:style/Theme.Translucent.NoTitleBar" />
121-->[com.google.android.gms:play-services-base:17.1.0] AndroidManifest.xml:26:13-72
122
123        <meta-data
123-->[com.google.android.gms:play-services-basement:17.1.0] AndroidManifest.xml:23:9-25:69
124            android:name="com.google.android.gms.version"
124-->[com.google.android.gms:play-services-basement:17.1.0] AndroidManifest.xml:24:13-58
125            android:value="@integer/google_play_services_version" />
125-->[com.google.android.gms:play-services-basement:17.1.0] AndroidManifest.xml:25:13-66
126    </application>
127
128</manifest>